This file contains any messages produced by compilers while
running configure, to aid debugging if configure makes a mistake.

It was created by 2048 AI configure 1.0, which was
generated by GNU Autoconf 2.69.  Invocation command line was

  $ ./configure 

## --------- ##
## Platform. ##
## --------- ##

hostname = DESKTOP-JMF4D0N
uname -m = x86_64
uname -r = 5.10.16.3-microsoft-standard-WSL2
uname -s = Linux
uname -v = #1 SMP Fri Apr 2 22:23:49 UTC 2021

/usr/bin/uname -p = x86_64
/bin/uname -X     = unknown

/bin/arch              = x86_64
/usr/bin/arch -k       = unknown
/usr/convex/getsysinfo = unknown
/usr/bin/hostinfo      = unknown
/bin/machine           = unknown
/usr/bin/oslevel       = unknown
/bin/universe          = unknown

PATH: /home/poppy/.local/bin
PATH: /usr/local/sbin
PATH: /usr/local/bin
PATH: /usr/sbin
PATH: /usr/bin
PATH: /sbin
PATH: /bin
PATH: /usr/games
PATH: /usr/local/games
PATH: /usr/lib/wsl/lib
PATH: /mnt/c/Program Files/WindowsApps/CanonicalGroupLimited.Ubuntu20.04onWindows_2004.2022.8.0_x64__79rhkp1fndgsc
PATH: /mnt/c/Program Files (x86)/Intel/Intel(R) Management Engine Components/iCLS/
PATH: /mnt/c/Program Files/Intel/Intel(R) Management Engine Components/iCLS/
PATH: /mnt/c/Windows/system32
PATH: /mnt/c/Windows
PATH: /mnt/c/Windows/System32/Wbem
PATH: /mnt/c/Windows/System32/WindowsPowerShell/v1.0/
PATH: /mnt/c/Windows/System32/OpenSSH/
PATH: /mnt/c/Program Files (x86)/Intel/Intel(R) Management Engine Components/DAL
PATH: /mnt/c/Program Files/Intel/Intel(R) Management Engine Components/DAL
PATH: /mnt/c/Program Files (x86)/Intel/Intel(R) Management Engine Components/IPT
PATH: /mnt/c/Program Files/Intel/Intel(R) Management Engine Components/IPT
PATH: /mnt/c/Program Files/Microsoft SQL Server/150/Tools/Binn/
PATH: /mnt/c/Program Files/Microsoft SQL Server/130/Tools/Binn/
PATH: /mnt/c/Users/Le'novo/AppData/Local/Microsoft/WindowsApps
PATH: /mnt/d/vscode/Microsoft VS Code/bin
PATH: /snap/bin


## ----------- ##
## Core tests. ##
## ----------- ##

configure:2293: checking for g++
configure:2309: found /usr/bin/g++
configure:2320: result: g++
configure:2347: checking for C++ compiler version
configure:2356: g++ --version >&5
g++ (Ubuntu 9.3.0-17ubuntu1~20.04) 9.3.0
Copyright (C) 2019 Free Software Foundation, Inc.
This is free software; see the source for copying conditions.  There is NO
warranty; not even for MERCHANTABILITY or FITNESS FOR A PARTICULAR PURPOSE.

configure:2367: $? = 0
configure:2356: g++ -v >&5
Using built-in specs.
COLLECT_GCC=g++
COLLECT_LTO_WRAPPER=/usr/lib/gcc/x86_64-linux-gnu/9/lto-wrapper
OFFLOAD_TARGET_NAMES=nvptx-none:hsa
OFFLOAD_TARGET_DEFAULT=1
Target: x86_64-linux-gnu
Configured with: ../src/configure -v --with-pkgversion='Ubuntu 9.3.0-17ubuntu1~20.04' --with-bugurl=file:///usr/share/doc/gcc-9/README.Bugs --enable-languages=c,ada,c++,go,brig,d,fortran,objc,obj-c++,gm2 --prefix=/usr --with-gcc-major-version-only --program-suffix=-9 --program-prefix=x86_64-linux-gnu- --enable-shared --enable-linker-build-id --libexecdir=/usr/lib --without-included-gettext --enable-threads=posix --libdir=/usr/lib --enable-nls --enable-clocale=gnu --enable-libstdcxx-debug --enable-libstdcxx-time=yes --with-default-libstdcxx-abi=new --enable-gnu-unique-object --disable-vtable-verify --enable-plugin --enable-default-pie --with-system-zlib --with-target-system-zlib=auto --enable-objc-gc=auto --enable-multiarch --disable-werror --with-arch-32=i686 --with-abi=m64 --with-multilib-list=m32,m64,mx32 --enable-multilib --with-tune=generic --enable-offload-targets=nvptx-none=/build/gcc-9-HskZEa/gcc-9-9.3.0/debian/tmp-nvptx/usr,hsa --without-cuda-driver --enable-checking=release --build=x86_64-linux-gnu --host=x86_64-linux-gnu --target=x86_64-linux-gnu
Thread model: posix
gcc version 9.3.0 (Ubuntu 9.3.0-17ubuntu1~20.04) 
configure:2367: $? = 0
configure:2356: g++ -V >&5
g++: error: unrecognized command line option '-V'
g++: fatal error: no input files
compilation terminated.
configure:2367: $? = 1
configure:2356: g++ -qversion >&5
g++: error: unrecognized command line option '-qversion'; did you mean '--version'?
g++: fatal error: no input files
compilation terminated.
configure:2367: $? = 1
configure:2387: checking whether the C++ compiler works
configure:2409: g++    conftest.cpp  >&5
configure:2413: $? = 0
configure:2461: result: yes
configure:2464: checking for C++ compiler default output file name
configure:2466: result: a.out
configure:2472: checking for suffix of executables
configure:2479: g++ -o conftest    conftest.cpp  >&5
configure:2483: $? = 0
configure:2505: result: 
configure:2527: checking whether we are cross compiling
configure:2535: g++ -o conftest    conftest.cpp  >&5
configure:2539: $? = 0
configure:2546: ./conftest
configure:2550: $? = 0
configure:2538: result: no
configure:2543: checking for suffix of object files
configure:2565: g++ -c   conftest.cpp >&5
configure:2569: $? = 0
configure:2590: result: o
configure:2594: checking whether we are using the GNU C++ compiler
configure:2613: g++ -c   conftest.cpp >&5
configure:2613: $? = 0
configure:2622: result: yes
configure:2631: checking whether g++ accepts -g
configure:2651: g++ -c -g  conftest.cpp >&5
configure:2651: $? = 0
configure:2692: result: yes
configure:2723: checking whether g++ supports C++11 features by default
configure:2757: g++ -c -g -O2  conftest.cpp >&5
configure:2757: $? = 0
configure:2764: result: yes
configure:3024: checking for C++ compiler version
configure:3033: g++ --version >&5
g++ (Ubuntu 9.3.0-17ubuntu1~20.04) 9.3.0
Copyright (C) 2019 Free Software Foundation, Inc.
This is free software; see the source for copying conditions.  There is NO
warranty; not even for MERCHANTABILITY or FITNESS FOR A PARTICULAR PURPOSE.

configure:3044: $? = 0
configure:3033: g++ -v >&5
Using built-in specs.
COLLECT_GCC=g++
COLLECT_LTO_WRAPPER=/usr/lib/gcc/x86_64-linux-gnu/9/lto-wrapper
OFFLOAD_TARGET_NAMES=nvptx-none:hsa
OFFLOAD_TARGET_DEFAULT=1
Target: x86_64-linux-gnu
Configured with: ../src/configure -v --with-pkgversion='Ubuntu 9.3.0-17ubuntu1~20.04' --with-bugurl=file:///usr/share/doc/gcc-9/README.Bugs --enable-languages=c,ada,c++,go,brig,d,fortran,objc,obj-c++,gm2 --prefix=/usr --with-gcc-major-version-only --program-suffix=-9 --program-prefix=x86_64-linux-gnu- --enable-shared --enable-linker-build-id --libexecdir=/usr/lib --without-included-gettext --enable-threads=posix --libdir=/usr/lib --enable-nls --enable-clocale=gnu --enable-libstdcxx-debug --enable-libstdcxx-time=yes --with-default-libstdcxx-abi=new --enable-gnu-unique-object --disable-vtable-verify --enable-plugin --enable-default-pie --with-system-zlib --with-target-system-zlib=auto --enable-objc-gc=auto --enable-multiarch --disable-werror --with-arch-32=i686 --with-abi=m64 --with-multilib-list=m32,m64,mx32 --enable-multilib --with-tune=generic --enable-offload-targets=nvptx-none=/build/gcc-9-HskZEa/gcc-9-9.3.0/debian/tmp-nvptx/usr,hsa --without-cuda-driver --enable-checking=release --build=x86_64-linux-gnu --host=x86_64-linux-gnu --target=x86_64-linux-gnu
Thread model: posix
gcc version 9.3.0 (Ubuntu 9.3.0-17ubuntu1~20.04) 
configure:3044: $? = 0
configure:3033: g++ -V >&5
g++: error: unrecognized command line option '-V'
g++: fatal error: no input files
compilation terminated.
configure:3044: $? = 1
configure:3033: g++ -qversion >&5
g++: error: unrecognized command line option '-qversion'; did you mean '--version'?
g++: fatal error: no input files
compilation terminated.
configure:3044: $? = 1
configure:3048: checking whether we are using the GNU C++ compiler
configure:3076: result: yes
configure:3085: checking whether g++ accepts -g
configure:3146: result: yes
configure:3217: checking for gcc
configure:3233: found /usr/bin/gcc
configure:3244: result: gcc
configure:3473: checking for C compiler version
configure:3482: gcc --version >&5
gcc (Ubuntu 9.3.0-17ubuntu1~20.04) 9.3.0
Copyright (C) 2019 Free Software Foundation, Inc.
This is free software; see the source for copying conditions.  There is NO
warranty; not even for MERCHANTABILITY or FITNESS FOR A PARTICULAR PURPOSE.

configure:3493: $? = 0
configure:3482: gcc -v >&5
Using built-in specs.
COLLECT_GCC=gcc
COLLECT_LTO_WRAPPER=/usr/lib/gcc/x86_64-linux-gnu/9/lto-wrapper
OFFLOAD_TARGET_NAMES=nvptx-none:hsa
OFFLOAD_TARGET_DEFAULT=1
Target: x86_64-linux-gnu
Configured with: ../src/configure -v --with-pkgversion='Ubuntu 9.3.0-17ubuntu1~20.04' --with-bugurl=file:///usr/share/doc/gcc-9/README.Bugs --enable-languages=c,ada,c++,go,brig,d,fortran,objc,obj-c++,gm2 --prefix=/usr --with-gcc-major-version-only --program-suffix=-9 --program-prefix=x86_64-linux-gnu- --enable-shared --enable-linker-build-id --libexecdir=/usr/lib --without-included-gettext --enable-threads=posix --libdir=/usr/lib --enable-nls --enable-clocale=gnu --enable-libstdcxx-debug --enable-libstdcxx-time=yes --with-default-libstdcxx-abi=new --enable-gnu-unique-object --disable-vtable-verify --enable-plugin --enable-default-pie --with-system-zlib --with-target-system-zlib=auto --enable-objc-gc=auto --enable-multiarch --disable-werror --with-arch-32=i686 --with-abi=m64 --with-multilib-list=m32,m64,mx32 --enable-multilib --with-tune=generic --enable-offload-targets=nvptx-none=/build/gcc-9-HskZEa/gcc-9-9.3.0/debian/tmp-nvptx/usr,hsa --without-cuda-driver --enable-checking=release --build=x86_64-linux-gnu --host=x86_64-linux-gnu --target=x86_64-linux-gnu
Thread model: posix
gcc version 9.3.0 (Ubuntu 9.3.0-17ubuntu1~20.04) 
configure:3493: $? = 0
configure:3482: gcc -V >&5
gcc: error: unrecognized command line option '-V'
gcc: fatal error: no input files
compilation terminated.
configure:3493: $? = 1
configure:3482: gcc -qversion >&5
gcc: error: unrecognized command line option '-qversion'; did you mean '--version'?
gcc: fatal error: no input files
compilation terminated.
configure:3493: $? = 1
configure:3497: checking whether we are using the GNU C compiler
configure:3516: gcc -c   conftest.c >&5
configure:3516: $? = 0
configure:3525: result: yes
configure:3534: checking whether gcc accepts -g
configure:3554: gcc -c -g  conftest.c >&5
configure:3554: $? = 0
configure:3595: result: yes
configure:3612: checking for gcc option to accept ISO C89
configure:3675: gcc  -c -g -O2  conftest.c >&5
configure:3675: $? = 0
configure:3688: result: none needed
configure:3713: checking how to run the C preprocessor
configure:3744: gcc -E  conftest.c
configure:3744: $? = 0
configure:3758: gcc -E  conftest.c
conftest.c:10:10: fatal error: ac_nonexistent.h: No such file or directory
   10 | #include <ac_nonexistent.h>
      |          ^~~~~~~~~~~~~~~~~~
compilation terminated.
configure:3758: $? = 1
configure: failed program was:
| /* confdefs.h */
| #define PACKAGE_NAME "2048 AI"
| #define PACKAGE_TARNAME "2048-ai"
| #define PACKAGE_VERSION "1.0"
| #define PACKAGE_STRING "2048 AI 1.0"
| #define PACKAGE_BUGREPORT "https://github.com/nneonneo/2048-ai/issues"
| #define PACKAGE_URL "https://github.com/nneonneo/2048-ai"
| #define HAVE_CXX11 1
| /* end confdefs.h.  */
| #include <ac_nonexistent.h>
configure:3783: result: gcc -E
configure:3803: gcc -E  conftest.c
configure:3803: $? = 0
configure:3817: gcc -E  conftest.c
conftest.c:10:10: fatal error: ac_nonexistent.h: No such file or directory
   10 | #include <ac_nonexistent.h>
      |          ^~~~~~~~~~~~~~~~~~
compilation terminated.
configure:3817: $? = 1
configure: failed program was:
| /* confdefs.h */
| #define PACKAGE_NAME "2048 AI"
| #define PACKAGE_TARNAME "2048-ai"
| #define PACKAGE_VERSION "1.0"
| #define PACKAGE_STRING "2048 AI 1.0"
| #define PACKAGE_BUGREPORT "https://github.com/nneonneo/2048-ai/issues"
| #define PACKAGE_URL "https://github.com/nneonneo/2048-ai"
| #define HAVE_CXX11 1
| /* end confdefs.h.  */
| #include <ac_nonexistent.h>
configure:3893: checking for gcc
configure:3920: result: gcc
configure:4149: checking for C compiler version
configure:4158: gcc --version >&5
gcc (Ubuntu 9.3.0-17ubuntu1~20.04) 9.3.0
Copyright (C) 2019 Free Software Foundation, Inc.
This is free software; see the source for copying conditions.  There is NO
warranty; not even for MERCHANTABILITY or FITNESS FOR A PARTICULAR PURPOSE.

configure:4169: $? = 0
configure:4158: gcc -v >&5
Using built-in specs.
COLLECT_GCC=gcc
COLLECT_LTO_WRAPPER=/usr/lib/gcc/x86_64-linux-gnu/9/lto-wrapper
OFFLOAD_TARGET_NAMES=nvptx-none:hsa
OFFLOAD_TARGET_DEFAULT=1
Target: x86_64-linux-gnu
Configured with: ../src/configure -v --with-pkgversion='Ubuntu 9.3.0-17ubuntu1~20.04' --with-bugurl=file:///usr/share/doc/gcc-9/README.Bugs --enable-languages=c,ada,c++,go,brig,d,fortran,objc,obj-c++,gm2 --prefix=/usr --with-gcc-major-version-only --program-suffix=-9 --program-prefix=x86_64-linux-gnu- --enable-shared --enable-linker-build-id --libexecdir=/usr/lib --without-included-gettext --enable-threads=posix --libdir=/usr/lib --enable-nls --enable-clocale=gnu --enable-libstdcxx-debug --enable-libstdcxx-time=yes --with-default-libstdcxx-abi=new --enable-gnu-unique-object --disable-vtable-verify --enable-plugin --enable-default-pie --with-system-zlib --with-target-system-zlib=auto --enable-objc-gc=auto --enable-multiarch --disable-werror --with-arch-32=i686 --with-abi=m64 --with-multilib-list=m32,m64,mx32 --enable-multilib --with-tune=generic --enable-offload-targets=nvptx-none=/build/gcc-9-HskZEa/gcc-9-9.3.0/debian/tmp-nvptx/usr,hsa --without-cuda-driver --enable-checking=release --build=x86_64-linux-gnu --host=x86_64-linux-gnu --target=x86_64-linux-gnu
Thread model: posix
gcc version 9.3.0 (Ubuntu 9.3.0-17ubuntu1~20.04) 
configure:4169: $? = 0
configure:4158: gcc -V >&5
gcc: error: unrecognized command line option '-V'
gcc: fatal error: no input files
compilation terminated.
configure:4169: $? = 1
configure:4158: gcc -qversion >&5
gcc: error: unrecognized command line option '-qversion'; did you mean '--version'?
gcc: fatal error: no input files
compilation terminated.
configure:4169: $? = 1
configure:4173: checking whether we are using the GNU C compiler
configure:4201: result: yes
configure:4210: checking whether gcc accepts -g
configure:4271: result: yes
configure:4288: checking for gcc option to accept ISO C89
configure:4364: result: none needed
configure:4413: checking for a thread-safe mkdir -p
configure:4452: result: /usr/bin/mkdir -p
configure:4462: checking how to run the C++ preprocessor
configure:4489: g++ -E  conftest.cpp
configure:4489: $? = 0
configure:4503: g++ -E  conftest.cpp
conftest.cpp:10:10: fatal error: ac_nonexistent.h: No such file or directory
   10 | #include <ac_nonexistent.h>
      |          ^~~~~~~~~~~~~~~~~~
compilation terminated.
configure:4503: $? = 1
configure: failed program was:
| /* confdefs.h */
| #define PACKAGE_NAME "2048 AI"
| #define PACKAGE_TARNAME "2048-ai"
| #define PACKAGE_VERSION "1.0"
| #define PACKAGE_STRING "2048 AI 1.0"
| #define PACKAGE_BUGREPORT "https://github.com/nneonneo/2048-ai/issues"
| #define PACKAGE_URL "https://github.com/nneonneo/2048-ai"
| #define HAVE_CXX11 1
| /* end confdefs.h.  */
| #include <ac_nonexistent.h>
configure:4528: result: g++ -E
configure:4548: g++ -E  conftest.cpp
configure:4548: $? = 0
configure:4562: g++ -E  conftest.cpp
conftest.cpp:10:10: fatal error: ac_nonexistent.h: No such file or directory
   10 | #include <ac_nonexistent.h>
      |          ^~~~~~~~~~~~~~~~~~
compilation terminated.
configure:4562: $? = 1
configure: failed program was:
| /* confdefs.h */
| #define PACKAGE_NAME "2048 AI"
| #define PACKAGE_TARNAME "2048-ai"
| #define PACKAGE_VERSION "1.0"
| #define PACKAGE_STRING "2048 AI 1.0"
| #define PACKAGE_BUGREPORT "https://github.com/nneonneo/2048-ai/issues"
| #define PACKAGE_URL "https://github.com/nneonneo/2048-ai"
| #define HAVE_CXX11 1
| /* end confdefs.h.  */
| #include <ac_nonexistent.h>
configure:4591: checking for grep that handles long lines and -e
configure:4649: result: /usr/bin/grep
configure:4654: checking for egrep
configure:4716: result: /usr/bin/grep -E
configure:4721: checking for ANSI C header files
configure:4741: g++ -c -g -O2  conftest.cpp >&5
configure:4741: $? = 0
configure:4814: g++ -o conftest -g -O2   conftest.cpp  >&5
configure:4814: $? = 0
configure:4814: ./conftest
configure:4814: $? = 0
configure:4825: result: yes
configure:4838: checking for sys/types.h
configure:4838: g++ -c -g -O2  conftest.cpp >&5
configure:4838: $? = 0
configure:4838: result: yes
configure:4838: checking for sys/stat.h
configure:4838: g++ -c -g -O2  conftest.cpp >&5
configure:4838: $? = 0
configure:4838: result: yes
configure:4838: checking for stdlib.h
configure:4838: g++ -c -g -O2  conftest.cpp >&5
configure:4838: $? = 0
configure:4838: result: yes
configure:4838: checking for string.h
configure:4838: g++ -c -g -O2  conftest.cpp >&5
configure:4838: $? = 0
configure:4838: result: yes
configure:4838: checking for memory.h
configure:4838: g++ -c -g -O2  conftest.cpp >&5
configure:4838: $? = 0
configure:4838: result: yes
configure:4838: checking for strings.h
configure:4838: g++ -c -g -O2  conftest.cpp >&5
configure:4838: $? = 0
configure:4838: result: yes
configure:4838: checking for inttypes.h
configure:4838: g++ -c -g -O2  conftest.cpp >&5
configure:4838: $? = 0
configure:4838: result: yes
configure:4838: checking for stdint.h
configure:4838: g++ -c -g -O2  conftest.cpp >&5
configure:4838: $? = 0
configure:4838: result: yes
configure:4838: checking for unistd.h
configure:4838: g++ -c -g -O2  conftest.cpp >&5
configure:4838: $? = 0
configure:4838: result: yes
configure:4853: checking fcntl.h usability
configure:4853: g++ -c -g -O2  conftest.cpp >&5
configure:4853: $? = 0
configure:4853: result: yes
configure:4853: checking fcntl.h presence
configure:4853: g++ -E  conftest.cpp
configure:4853: $? = 0
configure:4853: result: yes
configure:4853: checking for fcntl.h
configure:4853: result: yes
configure:4853: checking for stdint.h
configure:4853: result: yes
configure:4853: checking for stdlib.h
configure:4853: result: yes
configure:4853: checking for string.h
configure:4853: result: yes
configure:4853: checking sys/time.h usability
configure:4853: g++ -c -g -O2  conftest.cpp >&5
configure:4853: $? = 0
configure:4853: result: yes
configure:4853: checking sys/time.h presence
configure:4853: g++ -E  conftest.cpp
configure:4853: $? = 0
configure:4853: result: yes
configure:4853: checking for sys/time.h
configure:4853: result: yes
configure:4853: checking for unistd.h
configure:4853: result: yes
configure:4853: checking unordered_map usability
configure:4853: g++ -c -g -O2  conftest.cpp >&5
configure:4853: $? = 0
configure:4853: result: yes
configure:4853: checking unordered_map presence
configure:4853: g++ -E  conftest.cpp
configure:4853: $? = 0
configure:4853: result: yes
configure:4853: checking for unordered_map
configure:4853: result: yes
configure:4853: checking tr1/unordered_map usability
configure:4853: g++ -c -g -O2  conftest.cpp >&5
configure:4853: $? = 0
configure:4853: result: yes
configure:4853: checking tr1/unordered_map presence
configure:4853: g++ -E  conftest.cpp
configure:4853: $? = 0
configure:4853: result: yes
configure:4853: checking for tr1/unordered_map
configure:4853: result: yes
configure:4865: checking for inline
configure:4881: g++ -c -g -O2  conftest.cpp >&5
configure:4881: $? = 0
configure:4889: result: inline
configure:4907: checking for uint16_t
configure:4907: g++ -c -g -O2  conftest.cpp >&5
configure:4907: $? = 0
configure:4907: result: yes
configure:4919: checking for uint64_t
configure:4919: g++ -c -g -O2  conftest.cpp >&5
configure:4919: $? = 0
configure:4919: result: yes
configure:4938: checking for gettimeofday
configure:4938: g++ -o conftest -g -O2   conftest.cpp  >&5
configure:4938: $? = 0
configure:4938: result: yes
configure:4938: checking for strchr
configure:4938: g++ -o conftest -g -O2   conftest.cpp  >&5
conftest.cpp:52:6: warning: declaration of 'char strchr()' conflicts with built-in declaration 'char* strchr(const char*, int)' [-Wbuiltin-declaration-mismatch]
   52 | char strchr ();
      |      ^~~~~~
configure:4938: $? = 0
configure:4938: result: yes
configure:4938: checking for arc4random_uniform
configure:4938: g++ -o conftest -g -O2   conftest.cpp  >&5
/usr/bin/ld: /tmp/ccvPnJfO.o: in function `main':
/mnt/d/zyj/f22/592/project/2048-AI/2048-ai-master/conftest.cpp:64: undefined reference to `arc4random_uniform'
collect2: error: ld returned 1 exit status
configure:4938: $? = 1
configure: failed program was:
| /* confdefs.h */
| #define PACKAGE_NAME "2048 AI"
| #define PACKAGE_TARNAME "2048-ai"
| #define PACKAGE_VERSION "1.0"
| #define PACKAGE_STRING "2048 AI 1.0"
| #define PACKAGE_BUGREPORT "https://github.com/nneonneo/2048-ai/issues"
| #define PACKAGE_URL "https://github.com/nneonneo/2048-ai"
| #define HAVE_CXX11 1
| #define STDC_HEADERS 1
| #define HAVE_SYS_TYPES_H 1
| #define HAVE_SYS_STAT_H 1
| #define HAVE_STDLIB_H 1
| #define HAVE_STRING_H 1
| #define HAVE_MEMORY_H 1
| #define HAVE_STRINGS_H 1
| #define HAVE_INTTYPES_H 1
| #define HAVE_STDINT_H 1
| #define HAVE_UNISTD_H 1
| #define HAVE_FCNTL_H 1
| #define HAVE_STDINT_H 1
| #define HAVE_STDLIB_H 1
| #define HAVE_STRING_H 1
| #define HAVE_SYS_TIME_H 1
| #define HAVE_UNISTD_H 1
| #define HAVE_UNORDERED_MAP 1
| #define HAVE_TR1_UNORDERED_MAP 1
| #define HAVE_GETTIMEOFDAY 1
| #define HAVE_STRCHR 1
| /* end confdefs.h.  */
| /* Define arc4random_uniform to an innocuous variant, in case <limits.h> declares arc4random_uniform.
|    For example, HP-UX 11i <limits.h> declares gettimeofday.  */
| #define arc4random_uniform innocuous_arc4random_uniform
| 
| /* System header to define __stub macros and hopefully few prototypes,
|     which can conflict with char arc4random_uniform (); below.
|     Prefer <limits.h> to <assert.h> if __STDC__ is defined, since
|     <limits.h> exists even on freestanding compilers.  */
| 
| #ifdef __STDC__
| # include <limits.h>
| #else
| # include <assert.h>
| #endif
| 
| #undef arc4random_uniform
| 
| /* Override any GCC internal prototype to avoid an error.
|    Use char because int might match the return type of a GCC
|    builtin and then its argument prototype would still apply.  */
| #ifdef __cplusplus
| extern "C"
| #endif
| char arc4random_uniform ();
| /* The GNU C library defines this for functions which it implements
|     to always fail with ENOSYS.  Some functions are actually named
|     something starting with __ and the normal name is an alias.  */
| #if defined __stub_arc4random_uniform || defined __stub___arc4random_uniform
| choke me
| #endif
| 
| int
| main ()
| {
| return arc4random_uniform ();
|   ;
|   return 0;
| }
configure:4938: result: no
configure:4938: checking for drand48
configure:4938: g++ -o conftest -g -O2   conftest.cpp  >&5
configure:4938: $? = 0
configure:4938: result: yes
configure:5056: creating ./config.status

## ---------------------- ##
## Running config.status. ##
## ---------------------- ##

This file was extended by 2048 AI config.status 1.0, which was
generated by GNU Autoconf 2.69.  Invocation command line was

  CONFIG_FILES    = 
  CONFIG_HEADERS  = 
  CONFIG_LINKS    = 
  CONFIG_COMMANDS = 
  $ ./config.status 

on DESKTOP-JMF4D0N

config.status:813: creating Makefile
config.status:813: creating config.h
config.status:989: config.h is unchanged

## ---------------- ##
## Cache variables. ##
## ---------------- ##

ac_cv_c_compiler_gnu=yes
ac_cv_c_inline=inline
ac_cv_c_uint16_t=yes
ac_cv_c_uint64_t=yes
ac_cv_cxx_compiler_gnu=yes
ac_cv_env_CCC_set=
ac_cv_env_CCC_value=
ac_cv_env_CC_set=
ac_cv_env_CC_value=
ac_cv_env_CFLAGS_set=
ac_cv_env_CFLAGS_value=
ac_cv_env_CPPFLAGS_set=
ac_cv_env_CPPFLAGS_value=
ac_cv_env_CPP_set=
ac_cv_env_CPP_value=
ac_cv_env_CXXCPP_set=
ac_cv_env_CXXCPP_value=
ac_cv_env_CXXFLAGS_set=
ac_cv_env_CXXFLAGS_value=
ac_cv_env_CXX_set=
ac_cv_env_CXX_value=
ac_cv_env_LDFLAGS_set=
ac_cv_env_LDFLAGS_value=
ac_cv_env_LIBS_set=
ac_cv_env_LIBS_value=
ac_cv_env_build_alias_set=
ac_cv_env_build_alias_value=
ac_cv_env_host_alias_set=
ac_cv_env_host_alias_value=
ac_cv_env_target_alias_set=
ac_cv_env_target_alias_value=
ac_cv_func_arc4random_uniform=no
ac_cv_func_drand48=yes
ac_cv_func_gettimeofday=yes
ac_cv_func_strchr=yes
ac_cv_header_fcntl_h=yes
ac_cv_header_inttypes_h=yes
ac_cv_header_memory_h=yes
ac_cv_header_stdc=yes
ac_cv_header_stdint_h=yes
ac_cv_header_stdlib_h=yes
ac_cv_header_string_h=yes
ac_cv_header_strings_h=yes
ac_cv_header_sys_stat_h=yes
ac_cv_header_sys_time_h=yes
ac_cv_header_sys_types_h=yes
ac_cv_header_tr1_unordered_map=yes
ac_cv_header_unistd_h=yes
ac_cv_header_unordered_map=yes
ac_cv_objext=o
ac_cv_path_EGREP='/usr/bin/grep -E'
ac_cv_path_GREP=/usr/bin/grep
ac_cv_path_mkdir=/usr/bin/mkdir
ac_cv_prog_CPP='gcc -E'
ac_cv_prog_CXXCPP='g++ -E'
ac_cv_prog_ac_ct_CC=gcc
ac_cv_prog_ac_ct_CXX=g++
ac_cv_prog_cc_c89=
ac_cv_prog_cc_g=yes
ac_cv_prog_cxx_g=yes
ax_cv_cxx_compile_cxx11=yes

## ----------------- ##
## Output variables. ##
## ----------------- ##

CC='gcc'
CFLAGS='-g -O2'
CPP='gcc -E'
CPPFLAGS=''
CXX='g++'
CXXCPP='g++ -E'
CXXFLAGS='-g -O2'
DEFS='-DHAVE_CONFIG_H'
ECHO_C=''
ECHO_N='-n'
ECHO_T=''
EGREP='/usr/bin/grep -E'
EXEEXT=''
GREP='/usr/bin/grep'
HAVE_CXX11='1'
LDFLAGS=''
LIBOBJS=''
LIBS=''
LTLIBOBJS=''
MKDIR_P='/usr/bin/mkdir -p'
OBJEXT='o'
PACKAGE_BUGREPORT='https://github.com/nneonneo/2048-ai/issues'
PACKAGE_NAME='2048 AI'
PACKAGE_STRING='2048 AI 1.0'
PACKAGE_TARNAME='2048-ai'
PACKAGE_URL='https://github.com/nneonneo/2048-ai'
PACKAGE_VERSION='1.0'
PATH_SEPARATOR=':'
SHELL='/bin/bash'
ac_ct_CC='gcc'
ac_ct_CXX='g++'
bindir='${exec_prefix}/bin'
build_alias=''
datadir='${datarootdir}'
datarootdir='${prefix}/share'
docdir='${datarootdir}/doc/${PACKAGE_TARNAME}'
dvidir='${docdir}'
exec_prefix='${prefix}'
host_alias=''
htmldir='${docdir}'
includedir='${prefix}/include'
infodir='${datarootdir}/info'
libdir='${exec_prefix}/lib'
libexecdir='${exec_prefix}/libexec'
localedir='${datarootdir}/locale'
localstatedir='${prefix}/var'
mandir='${datarootdir}/man'
oldincludedir='/usr/include'
pdfdir='${docdir}'
prefix='/usr/local'
program_transform_name='s,x,x,'
psdir='${docdir}'
sbindir='${exec_prefix}/sbin'
sharedstatedir='${prefix}/com'
sysconfdir='${prefix}/etc'
target_alias=''

## ----------- ##
## confdefs.h. ##
## ----------- ##

/* confdefs.h */
#define PACKAGE_NAME "2048 AI"
#define PACKAGE_TARNAME "2048-ai"
#define PACKAGE_VERSION "1.0"
#define PACKAGE_STRING "2048 AI 1.0"
#define PACKAGE_BUGREPORT "https://github.com/nneonneo/2048-ai/issues"
#define PACKAGE_URL "https://github.com/nneonneo/2048-ai"
#define HAVE_CXX11 1
#define STDC_HEADERS 1
#define HAVE_SYS_TYPES_H 1
#define HAVE_SYS_STAT_H 1
#define HAVE_STDLIB_H 1
#define HAVE_STRING_H 1
#define HAVE_MEMORY_H 1
#define HAVE_STRINGS_H 1
#define HAVE_INTTYPES_H 1
#define HAVE_STDINT_H 1
#define HAVE_UNISTD_H 1
#define HAVE_FCNTL_H 1
#define HAVE_STDINT_H 1
#define HAVE_STDLIB_H 1
#define HAVE_STRING_H 1
#define HAVE_SYS_TIME_H 1
#define HAVE_UNISTD_H 1
#define HAVE_UNORDERED_MAP 1
#define HAVE_TR1_UNORDERED_MAP 1
#define HAVE_GETTIMEOFDAY 1
#define HAVE_STRCHR 1
#define HAVE_DRAND48 1

configure: exit 0
